םג. 24, 2023 9:50:22 PM Ex4 main
INFO: ונגמו קטסכמ = 5
םג. 24, 2023 9:50:28 PM Ex4 main
INFO: ןונאעמנ = -
םג. 24, 2023 9:50:32 PM Ex4 main
INFO: עמנמו קטסכמ = 4
םג. 24, 2023 9:50:32 PM Ex4 main
INFO: 5 - 4 = 1
םג. 24, 2023 9:54:01 PM Ex4 main
INFO: ונגמו קטסכמ = 6
םג. 24, 2023 9:54:03 PM Ex4 main
INFO: ןונאעמנ = -
םג. 24, 2023 9:54:06 PM Ex4 main
INFO: עמנמו קטסכמ = 4
םג. 24, 2023 9:54:06 PM Ex4 main
INFO: 6 - 4 = 2
םג. 24, 2023 10:07:17 PM Ex4 main
INFO: First number = 4
םג. 24, 2023 10:07:22 PM Ex4 main
INFO: Operations = -
םג. 24, 2023 10:07:31 PM Ex4 main
INFO: Second number = 6
םג. 24, 2023 10:07:31 PM Ex4 main
INFO: 4 - 6 = -2
םג. 25, 2023 6:08:57 PM Ex4 main
INFO: First number = 6
םג. 25, 2023 6:09:01 PM Ex4 main
INFO: Operations = -
םג. 25, 2023 6:09:05 PM Ex4 main
INFO: Second number = 3
םג. 25, 2023 6:09:05 PM Ex4 main
INFO: 6 - 3 = 3
